securityModule/build/intermediates/manifest_merge_blame_file/debug/manifest-merger-blame-debug-report.txt
1<?xml version="1.0" encoding="utf-8"?>
2<manifest xmlns:android="http://schemas.android.com/apk/res/android"
3    xmlns:tools="http://schemas.android.com/tools"
4    package="com.Aurages.securitymodule"
5    android:versionCode="6"
6    android:versionName="1.5" >
7
8    <uses-sdk
9        android:minSdkVersion="14"
9-->src\main\AndroidManifest.xml
10        android:targetSdkVersion="28" />
10-->src\main\AndroidManifest.xml
11
12    <application
12-->src\main\AndroidManifest.xml:5:5-12:19
13        android:name="com.Aurages.lang.SamaApplication"
13-->src\main\AndroidManifest.xml:6:9-56
14        android:label="@string/app_name" >
14-->src\main\AndroidManifest.xml:7:9-41
15        <activity
15-->src\main\AndroidManifest.xml:9:9-11:56
16            android:name="com.Aurages.securitymodule.ActivationActivity"
16-->src\main\AndroidManifest.xml:10:13-73
17            android:windowSoftInputMode="stateHidden" />
17-->src\main\AndroidManifest.xml:11:13-54
18    </application>
19
20</manifest>